<?xml version="1.0" encoding="UTF-8"?>
<!-- Generated by org.testng.reporters.JUnitReportReporter -->
<testsuite skipped="0" hostname="ADOE-20150303CS" name="com.demo.test.testcases.login.TestDataProvider" tests="5" failures="0" timestamp="14 三月 2018 03:17:41 GMT" time="0.141" errors="0">
  <testcase name="testmethod1" time="0.000" classname="com.demo.test.testcases.login.TestDataProvider"/>
  <testcase name="testmethod2" time="0.000" classname="com.demo.test.testcases.login.TestDataProvider"/>
  <testcase name="testmethod3" time="0.000" classname="com.demo.test.testcases.login.TestDataProvider"/>
  <testcase name="testmethod4" time="0.000" classname="com.demo.test.testcases.login.TestDataProvider"/>
  <testcase name="testmethod1" time="0.141" classname="com.demo.test.testcases.login.TestDataProvider"/>
</testsuite> <!-- com.demo.test.testcases.login.TestDataProvider -->
