<?xml version="1.0" encoding="UTF-8"?>
<!-- Generated by org.testng.reporters.JUnitReportReporter -->
<testsuite skipped="1" hostname="ADOE-20150303CS" name="com.demo.test.testcases.login.FlightTest" tests="1" failures="0" timestamp="13 三月 2018 02:25:12 GMT" time="0.000" errors="0">
  <testcase name="FindFlight" time="0.000" classname="com.demo.test.testcases.login.FlightTest">
    <skipped/>
  </testcase> <!-- FindFlight -->
</testsuite> <!-- com.demo.test.testcases.login.FlightTest -->
