<?xml version="1.0" encoding="UTF-8"?>
<!-- Generated by org.testng.reporters.JUnitReportReporter -->
<testsuite skipped="0" hostname="ADOE-20150303CS" name="com.demo.test.utils.TestDataProvider" tests="5" failures="0" timestamp="13 三月 2018 02:10:13 GMT" time="0.062" errors="0">
  <testcase name="testmethod2" time="0.000" classname="com.demo.test.utils.TestDataProvider"/>
  <testcase name="testmethod1" time="0.031" classname="com.demo.test.utils.TestDataProvider"/>
  <testcase name="testmethod1" time="0.015" classname="com.demo.test.utils.TestDataProvider"/>
  <testcase name="testmethod3" time="0.016" classname="com.demo.test.utils.TestDataProvider"/>
  <testcase name="testmethod4" time="0.000" classname="com.demo.test.utils.TestDataProvider"/>
</testsuite> <!-- com.demo.test.utils.TestDataProvider -->
